{
    "critiques": {
        "680": {
            "rubric_items": {
                "5510": {
                    "result": "failed",
                    "observation": "Not all of the tests passed.\n\n```\n************************************************************************\n                         Test Failure Feedback                          \n************************************************************************\n\nFailed Test: 1. Test output interface of MinimaxPlayer.minimax()\n----------------------------------------------------------------------\nTraceback (most recent call last):\n  File \"/home/grader/isolation/workspace/game_agent.py\", line 295, in minimax\n    bestmove, bestscore = max([(bestmove,bestscore), (move, self.min_value(nextmove, depth-1))], key=lambda item: item[1])\nTypeError: min_value() takes 2 positional arguments but 3 were given\n\n\nFailed Test: 2. Test functionality of MinimaxPlayer.minimax()\n----------------------------------------------------------------------\nTraceback (most recent call last):\n  File \"/home/grader/isolation/workspace/game_agent.py\", line 295, in minimax\n    bestmove, bestscore = max([(bestmove,bestscore), (move, self.min_value(nextmove, depth-1))], key=lambda item: item[1])\nTypeError: min_value() takes 2 positional arguments but 3 were given\n\n\nFailed Test: 3. Test that minimax() raises SearchTimeout when the timer expires\n----------------------------------------------------------------------\nTraceback (most recent call last):\n  File \"/home/grader/isolation/workspace/game_agent.py\", line 295, in minimax\n    bestmove, bestscore = max([(bestmove,bestscore), (move, self.min_value(nextmove, depth-1))], key=lambda item: item[1])\nTypeError: min_value() takes 2 positional arguments but 3 were given\n\n\nFailed Test: 4. Test that MinimaxPlayer successfully plays a full game\n----------------------------------------------------------------------\nTraceback (most recent call last):\nTypeError: min_value() takes 2 positional arguments but 3 were given\n\nDuring handling of the above exception, another exception occurred:\n\nAssertionError: Your agent raised an error while attempting to play a complete game against another agent.  Make sure that your agent can play an entire game -- including selecting initial moves on an empty board.\nException: min_value() takes 2 positional arguments but 3 were given\n\n\nFailed Test: 7. Test functionality of AlphaBetaPlayer.alphabeta()\n----------------------------------------------------------------------\nAssertionError: False is not true : Your AlphaBetaAgent.alphabeta function returned a move that was not the optimal move for the given heurisitc. Make sure that you choose the first branch with the max score at the top level; branches searched later that return the same max score may only be returning an upper bound.\nExpected Best Move:\n(3, 3)\nYour Selection: (5, 3)\n\nTest Case Details:\n------------------\nHeuristic: open_move_score\nDepth limit: 1\nInitial Board State:\n     0   1   2   3   4   5   6   7   8\n0  |   |   |   |   |   |   |   |   |   | \n1  |   |   |   |   |   |   |   |   |   | \n2  |   |   | - |   |   |   | - |   |   | \n3  |   |   |   |   | - |   | - |   |   | \n4  |   | 1 |   | - | - | - |   |   |   | \n5  |   |   |   |   | - | - | - |   |   | \n6  |   |   | - |   |   |   | - |   |   | \n7  |   |   |   |   |   |   |   |   |   | \n8  |   |   |   | 2 |   |   |   |   |   | \n\ngame._board_state:\n[0, 0, 0, 0, 0, 0, 0, 0, 0, 0, 0, 0, 0, 1, 0, 0, 0, 0, 0, 0, 1, 0, 0, 0, 1, 0, 0, 0, 0, 0, 0, 1, 0, 0, 0, 1, 0, 0, 0, 1, 1, 1, 0, 0, 0, 0, 0, 0, 0, 1, 1, 0, 0, 0, 0, 0, 1, 1, 0, 1, 1, 0, 0, 0, 0, 0, 0, 0, 0, 0, 0, 0, 0, 0, 0, 0, 0, 0, 0, 0, 0, 0, 35, 13]\n\n\n\n************************************************************************\n                          Test Result Summary                           \n************************************************************************\n\n1. Test output interface of MinimaxPlayer.minimax():                   E\n2. Test functionality of MinimaxPlayer.minimax():                      E\n3. Test that minimax() raises SearchTimeout when the timer expires:    E\n4. Test that MinimaxPlayer successfully plays a full game:             F\n5. Test interface of AlphaBetaPlayer.alphabeta():                      .\n6. Test the interface of AlphaBetaPlayer.get_move():                   .\n7. Test functionality of AlphaBetaPlayer.alphabeta():                  F\n8. Test that alphabeta() raises SearchTimeout when the timer expires:  .\n9. Test iterative deepening in AlphaBetaPlayer.get_move():             .\n10. Test that AlphaBetaPlayer successfully plays a full game:          .\n11. Test output interface of custom_score():                           .\n12. Test output interface of custom_score_2():                         .\n13. Test output interface of custom_score_3():                         .\n\n------------------------------------------------------------------------\n            . - Test Passed    F - Test Failed    E - Error             \n\n```"
                },
                "7303": {
                    "result": "failed",
                    "observation": "Not all of the tests passed.\n\n```\n************************************************************************\n                         Test Failure Feedback                          \n************************************************************************\n\nFailed Test: 14. Submission includes heuristic_analysis.pdf\n----------------------------------------------------------------------\nAssertionError: False is not true : You must submit a report named heuristic_analysis.pdf for review.\n\n\nFailed Test: 15. Submission includes research_review.pdf\n----------------------------------------------------------------------\nAssertionError: False is not true : You must submit a report named research_review.pdf for review.\n\n\n************************************************************************\n                          Test Result Summary                           \n************************************************************************\n\n14. Submission includes heuristic_analysis.pdf:                        F\n15. Submission includes research_review.pdf:                           F\n\n------------------------------------------------------------------------\n            . - Test Passed    F - Test Failed    E - Error             \n\n```"
                }
            }
        }
    }
}